\BOOKMARK [1][-]{section.1}{\376\377\145\160\143\156\230\204\131\004\164\006}{}% 1
\BOOKMARK [2][-]{subsection.1.1}{\376\377\133\374\121\145\145\160\143\156}{section.1}% 2
\BOOKMARK [2][-]{subsection.1.2}{\376\377\145\160\143\156\156\005\155\027}{section.1}% 3
\BOOKMARK [3][-]{subsubsection.1.2.1}{\376\377\177\072\131\061\120\074\150\300\147\345}{subsection.1.2}% 4
\BOOKMARK [3][-]{subsubsection.1.2.2}{\376\377\210\145\121\150\000s\000u\000m\000m\000e\000r\000O\000l\000y\000\137\000p\000r\000o\000g\000r\000a\000m\000s\000.\000c\000s\000v\116\055\166\204\177\072\131\061\120\074}{subsection.1.2}% 5
\BOOKMARK [3][-]{subsubsection.1.2.3}{\376\377\000M\000e\000d\000a\000l\000\137\000c\000o\000u\000n\000t\000s\000\040\145\160\143\156\156\005\155\027}{subsection.1.2}% 6
\BOOKMARK [3][-]{subsubsection.1.2.4}{\376\377\156\005\164\006\000s\000u\000m\000m\000e\000r\000O\000l\000y\000\137\000m\000e\000d\000a\000l\000\137\000c\000o\000u\000n\000t\000s\000.\000c\000s\000v\137\002\136\070\120\074}{subsection.1.2}% 7
\BOOKMARK [3][-]{subsubsection.1.2.5}{\376\377\131\004\164\006\126\375\133\266\123\330\146\364\116\016\131\202\116\312\116\015\133\130\127\050\166\204\126\375\133\266}{subsection.1.2}% 8
\BOOKMARK [3][-]{subsubsection.1.2.6}{\376\377\156\005\164\006\000a\000t\000h\000l\000e\000t\000e\000s\000.\000c\000s\000v\136\166\217\154\143\142\150\074\137\017\116\072\133\275}{subsection.1.2}% 9
\BOOKMARK [1][-]{section.2}{\376\377\122\006\147\220\145\160\143\156}{}% 10
\BOOKMARK [2][-]{subsection.2.1}{\376\377\126\375\133\266\176\247\162\171\137\201}{section.2}% 11
\BOOKMARK [2][-]{subsection.2.2}{\376\377\230\171\166\356\176\247\162\171\137\201}{section.2}% 12
\BOOKMARK [3][-]{subsubsection.2.2.1}{\376\377\123\357\211\306\123\026}{subsection.2.2}% 13
\BOOKMARK [3][-]{subsubsection.2.2.2}{\376\377\176\277\140\047\142\337\124\010}{subsection.2.2}% 14
\BOOKMARK [2][-]{subsection.2.3}{\376\377\217\320\122\250\124\130\176\247\162\171\137\201}{section.2}% 15
\BOOKMARK [3][-]{subsubsection.2.3.1}{\376\377\230\204\131\004\164\006}{subsection.2.3}% 16
\BOOKMARK [3][-]{subsubsection.2.3.2}{\376\377\155\373\122\240\125\057\116\000\162\171\137\201\120\074}{subsection.2.3}% 17
\BOOKMARK [3][-]{subsubsection.2.3.3}{\376\377\176\337\213\241\217\336\176\355\123\302\122\240\131\145\217\320\117\032\166\204\136\164\145\160\116\016\133\371\136\224\116\272\145\160}{subsection.2.3}% 18
\BOOKMARK [3][-]{subsubsection.2.3.4}{\376\377\176\337\213\241\217\320\122\250\124\130\123\302\122\240\131\145\217\320\117\032\166\204\145\366\225\364\215\350\136\246}{subsection.2.3}% 19
\BOOKMARK [1][-]{section.3}{\376\377\147\204\136\372\152\041\127\213}{}% 20
\BOOKMARK [2][-]{subsection.3.1}{\376\377\000X\000G\000B\000o\000o\000s\000t}{section.3}% 21
\BOOKMARK [3][-]{subsubsection.3.1.1}{\376\377\166\364\143\245\230\204\155\113\377\010\215\205\123\302\145\160\117\030\123\026\377\011}{subsection.3.1}% 22
\BOOKMARK [3][-]{subsubsection.3.1.2}{\376\377\227\136\215\205\123\302\145\160\117\030\123\026\152\041\127\213}{subsection.3.1}% 23
\BOOKMARK [3][-]{subsubsection.3.1.3}{\376\377\213\304\117\060\230\204\155\113\123\072\225\364}{subsection.3.1}% 24
\BOOKMARK [2][-]{subsection.3.2}{\376\377\215\035\123\366\145\257\145\271\154\325}{section.3}% 25
\BOOKMARK [3][-]{subsubsection.3.2.1}{\376\377\121\110\232\214\230\204\155\113}{subsection.3.2}% 26
\BOOKMARK [3][-]{subsubsection.3.2.2}{\376\377\123\072\225\364\124\010\142\020}{subsection.3.2}% 27
\BOOKMARK [1][-]{section.4}{\376\377\176\323\147\234\122\006\147\220}{}% 28
\BOOKMARK [2][-]{subsection.4.1}{\376\377\173\054\116\000\225\356}{section.4}% 29
\BOOKMARK [3][-]{subsubsection.4.1.1}{\376\377\126\375\133\266\166\370\153\324\0002\0000\0002\0004\136\164\217\333\153\145\142\026\220\000\153\145}{subsection.4.1}% 30
\BOOKMARK [2][-]{subsection.4.2}{\376\377\173\054\116\214\225\356}{section.4}% 31
\BOOKMARK [3][-]{subsubsection.4.2.1}{\376\377\230\204\131\004\164\006}{subsection.4.2}% 32
\BOOKMARK [3][-]{subsubsection.4.2.2}{\376\377\176\277\140\047\126\336\137\122\230\204\155\113}{subsection.4.2}% 33
\BOOKMARK [3][-]{subsubsection.4.2.3}{\376\377\213\304\117\060\123\357\200\375\140\047}{subsection.4.2}% 34
\BOOKMARK [2][-]{subsection.4.3}{\376\377\173\054\116\011\225\356}{section.4}% 35
\BOOKMARK [3][-]{subsubsection.4.3.1}{\376\377\124\004\126\375\117\030\122\277\230\171\166\356}{subsection.4.3}% 36
\BOOKMARK [3][-]{subsubsection.4.3.2}{\376\377\137\227\121\372\117\030\122\277\230\171\166\356}{subsection.4.3}% 37
\BOOKMARK [2][-]{subsection.4.4}{\376\377\116\034\220\123\116\073\145\110\136\224}{section.4}% 38
